Using 1 threads
Branch ../../vn13.9_deliberate_umdp3_failures is a branch
DEBUG : Added a modified file: src/control/top_level/atm_step_4A.F90
DEBUG : Added a modified file: src/control/top_level/atmos_physics2.F90
DEBUG : Added a modified file: src/control/top_level/filename_generation_mod.F90
DEBUG : Running checks for src/control/top_level/atm_step_4A.F90 in thread 0
DEBUG : file_chunk is ['src/control/top_level/atm_step_4A.F90']
DEBUG : Waiting for threads to complete
DEBUG : 3 threads submitted
DEBUG : Running checks for src/control/top_level/atmos_physics2.F90 in thread 1
DEBUG : file_chunk is ['src/control/top_level/atmos_physics2.F90']
DEBUG : Thread completed
DEBUG : Running checks for src/control/top_level/filename_generation_mod.F90 in thread 2
DEBUG : file_chunk is ['src/control/top_level/filename_generation_mod.F90']
DEBUG : Thread completed
DEBUG : Thread completed
The following files have failed the UMDP3 compliance tests:
File src/control/top_level/atm_step_4A.F90 :
  Lowercase Fortran keywords not permitted
  Line includes trailing whitespace character(s)
File src/control/top_level/atmos_physics2.F90 :
  Lowercase Fortran keywords not permitted
  Omitted optional space in keywords
  Line longer than 80 characters
  Line includes trailing whitespace character(s)
File src/control/top_level/filename_generation_mod.F90 :
  Lowercase Fortran keywords not permitted
  Lowercase or CamelCase variable names only
  Use of dimension attribute

[ERROR] There were a total of 9 compliance tests failures
